====  Thu Aug 13 01:54:38 2015
$Id: //ral_depot/products/IxChariot6.70.27/CHARIOT/CODE/prof_ioc.cpp#3 $, line: 1463
Failed assertion: RegCreateKeyEx:No error text is available.
Last WIN32 error: 0x00000000
Call traceback:
     0 main
     1 profile_load_from_file(const profile_descriptor)
Build level: 44
Thread ID: 9388
====  Thu Aug 13 04:16:39 2015
$Id: //ral_depot/products/IxChariot6.70.27/CHARIOT/CODE/prof_ioc.cpp#3 $, line: 1463
Failed assertion: RegCreateKeyEx:No error text is available.
Last WIN32 error: 0x00000000
Call traceback:
     0 main
     1 profile_load_from_file(const profile_descriptor)
Build level: 44
Thread ID: 7364
====  Thu Aug 13 22:20:45 2015
$Id: //ral_depot/products/IxChariot6.70.27/CHARIOT/CODE/prof_ioc.cpp#3 $, line: 1463
Failed assertion: RegCreateKeyEx:No error text is available.
Last WIN32 error: 0x00000000
Call traceback:
     0 main
     1 profile_load_from_file(const profile_descriptor)
Build level: 44
Thread ID: 2416
====  Thu Aug 13 23:15:10 2015
$Id: //ral_depot/products/IxChariot6.70.27/CHARIOT/CODE/prof_ioc.cpp#3 $, line: 1463
Failed assertion: RegCreateKeyEx:No error text is available.
Last WIN32 error: 0x00000000
Call traceback:
     0 main
     1 profile_load_from_file(const profile_descriptor)
Build level: 44
Thread ID: 4332
====  Thu Aug 13 23:19:27 2015
$Id: //ral_depot/products/IxChariot6.70.27/CHARIOT/CODE/prof_ioc.cpp#3 $, line: 1463
Failed assertion: RegCreateKeyEx:No error text is available.
Last WIN32 error: 0x00000000
Call traceback:
     0 main
     1 profile_load_from_file(const profile_descriptor)
Build level: 44
Thread ID: 3116
====  Thu Aug 13 23:22:48 2015
$Id: //ral_depot/products/IxChariot6.70.27/CHARIOT/CODE/prof_ioc.cpp#3 $, line: 1463
Failed assertion: RegCreateKeyEx:No error text is available.
Last WIN32 error: 0x00000000
Call traceback:
     0 main
     1 profile_load_from_file(const profile_descriptor)
Build level: 44
Thread ID: 4880
====  Thu Aug 13 23:28:11 2015
$Id: //ral_depot/products/IxChariot6.70.27/CHARIOT/CODE/prof_ioc.cpp#3 $, line: 1463
Failed assertion: RegCreateKeyEx:No error text is available.
Last WIN32 error: 0x00000000
Call traceback:
     0 main
     1 profile_load_from_file(const profile_descriptor)
Build level: 44
Thread ID: 5168
====  Thu Aug 13 23:42:47 2015
$Id: //ral_depot/products/IxChariot6.70.27/CHARIOT/CODE/prof_ioc.cpp#3 $, line: 1463
Failed assertion: RegCreateKeyEx:No error text is available.
Last WIN32 error: 0x00000000
Call traceback:
     0 main
     1 profile_load_from_file(const profile_descriptor)
Build level: 44
Thread ID: 8104
====  Thu Aug 13 23:44:54 2015
$Id: //ral_depot/products/IxChariot6.70.27/CHARIOT/CODE/prof_ioc.cpp#3 $, line: 1463
Failed assertion: RegCreateKeyEx:No error text is available.
Last WIN32 error: 0x00000000
Call traceback:
     0 main
     1 profile_load_from_file(const profile_descriptor)
Build level: 44
Thread ID: 8256
====  Thu Aug 13 23:46:22 2015
$Id: //ral_depot/products/IxChariot6.70.27/CHARIOT/CODE/prof_ioc.cpp#3 $, line: 1463
Failed assertion: RegCreateKeyEx:No error text is available.
Last WIN32 error: 0x00000000
Call traceback:
     0 main
     1 profile_load_from_file(const profile_descriptor)
Build level: 44
Thread ID: 736
====  Thu Aug 13 23:48:20 2015
$Id: //ral_depot/products/IxChariot6.70.27/CHARIOT/CODE/prof_ioc.cpp#3 $, line: 1463
Failed assertion: RegCreateKeyEx:No error text is available.
Last WIN32 error: 0x00000000
Call traceback:
     0 main
     1 profile_load_from_file(const profile_descriptor)
Build level: 44
Thread ID: 1096
====  Fri Aug 14 01:15:12 2015
$Id: //ral_depot/products/IxChariot6.70.27/CHARIOT/CODE/prof_ioc.cpp#3 $, line: 1463
Failed assertion: RegCreateKeyEx:No error text is available.
Last WIN32 error: 0x00000000
Call traceback:
     0 main
     1 profile_load_from_file(const profile_descriptor)
Build level: 44
Thread ID: 4088
====  Fri Aug 14 01:17:25 2015
$Id: //ral_depot/products/IxChariot6.70.27/CHARIOT/CODE/prof_ioc.cpp#3 $, line: 1463
Failed assertion: RegCreateKeyEx:No error text is available.
Last WIN32 error: 0x00000000
Call traceback:
     0 main
     1 profile_load_from_file(const profile_descriptor)
Build level: 44
Thread ID: 6672
====  Fri Aug 14 01:18:50 2015
$Id: //ral_depot/products/IxChariot6.70.27/CHARIOT/CODE/prof_ioc.cpp#3 $, line: 1463
Failed assertion: RegCreateKeyEx:No error text is available.
Last WIN32 error: 0x00000000
Call traceback:
     0 main
     1 profile_load_from_file(const profile_descriptor)
Build level: 44
Thread ID: 6072
====  Fri Aug 14 01:20:35 2015
$Id: //ral_depot/products/IxChariot6.70.27/CHARIOT/CODE/prof_ioc.cpp#3 $, line: 1463
Failed assertion: RegCreateKeyEx:No error text is available.
Last WIN32 error: 0x00000000
Call traceback:
     0 main
     1 profile_load_from_file(const profile_descriptor)
Build level: 44
Thread ID: 8564
====  Fri Aug 14 02:01:43 2015
$Id: //ral_depot/products/IxChariot6.70.27/CHARIOT/CODE/prof_ioc.cpp#3 $, line: 1463
Failed assertion: RegCreateKeyEx:No error text is available.
Last WIN32 error: 0x00000000
Call traceback:
     0 main
     1 profile_load_from_file(const profile_descriptor)
Build level: 44
Thread ID: 9264
====  Fri Aug 14 02:47:49 2015
$Id: //ral_depot/products/IxChariot6.70.27/CHARIOT/CODE/prof_ioc.cpp#3 $, line: 1463
Failed assertion: RegCreateKeyEx:No error text is available.
Last WIN32 error: 0x00000000
Call traceback:
     0 main
     1 profile_load_from_file(const profile_descriptor)
Build level: 44
Thread ID: 7632
====  Fri Aug 14 02:55:13 2015
$Id: //ral_depot/products/IxChariot6.70.27/CHARIOT/CODE/prof_ioc.cpp#3 $, line: 1463
Failed assertion: RegCreateKeyEx:No error text is available.
Last WIN32 error: 0x00000000
Call traceback:
     0 main
     1 profile_load_from_file(const profile_descriptor)
Build level: 44
Thread ID: 2036
====  Fri Aug 14 02:59:14 2015
$Id: //ral_depot/products/IxChariot6.70.27/CHARIOT/CODE/prof_ioc.cpp#3 $, line: 1463
Failed assertion: RegCreateKeyEx:No error text is available.
Last WIN32 error: 0x00000000
Call traceback:
     0 main
     1 profile_load_from_file(const profile_descriptor)
Build level: 44
Thread ID: 5668
====  Fri Aug 14 03:00:15 2015
$Id: //ral_depot/products/IxChariot6.70.27/CHARIOT/CODE/prof_ioc.cpp#3 $, line: 1463
Failed assertion: RegCreateKeyEx:No error text is available.
Last WIN32 error: 0x00000000
Call traceback:
     0 main
     1 profile_load_from_file(const profile_descriptor)
Build level: 44
Thread ID: 5928
====  Fri Aug 14 03:00:44 2015
$Id: //ral_depot/products/IxChariot6.70.27/CHARIOT/CODE/prof_ioc.cpp#3 $, line: 1463
Failed assertion: RegCreateKeyEx:No error text is available.
Last WIN32 error: 0x00000000
Call traceback:
     0 main
     1 profile_load_from_file(const profile_descriptor)
Build level: 44
Thread ID: 2308
====  Fri Aug 14 03:06:43 2015
$Id: //ral_depot/products/IxChariot6.70.27/CHARIOT/CODE/prof_ioc.cpp#3 $, line: 1463
Failed assertion: RegCreateKeyEx:No error text is available.
Last WIN32 error: 0x00000000
Call traceback:
     0 main
     1 profile_load_from_file(const profile_descriptor)
Build level: 44
Thread ID: 9752
====  Fri Aug 14 03:11:38 2015
$Id: //ral_depot/products/IxChariot6.70.27/CHARIOT/CODE/prof_ioc.cpp#3 $, line: 1463
Failed assertion: RegCreateKeyEx:No error text is available.
Last WIN32 error: 0x00000000
Call traceback:
     0 main
     1 profile_load_from_file(const profile_descriptor)
Build level: 44
Thread ID: 1316
====  Fri Aug 14 03:42:18 2015
$Id: //ral_depot/products/IxChariot6.70.27/CHARIOT/CODE/prof_ioc.cpp#3 $, line: 1463
Failed assertion: RegCreateKeyEx:No error text is available.
Last WIN32 error: 0x00000000
Call traceback:
     0 main
     1 profile_load_from_file(const profile_descriptor)
Build level: 44
Thread ID: 3844
====  Fri Aug 14 03:43:00 2015
$Id: //ral_depot/products/IxChariot6.70.27/CHARIOT/CODE/prof_ioc.cpp#3 $, line: 1463
Failed assertion: RegCreateKeyEx:No error text is available.
Last WIN32 error: 0x00000000
Call traceback:
     0 main
     1 profile_load_from_file(const profile_descriptor)
Build level: 44
Thread ID: 1164
====  Fri Aug 14 03:43:48 2015
$Id: //ral_depot/products/IxChariot6.70.27/CHARIOT/CODE/prof_ioc.cpp#3 $, line: 1463
Failed assertion: RegCreateKeyEx:No error text is available.
Last WIN32 error: 0x00000000
Call traceback:
     0 main
     1 profile_load_from_file(const profile_descriptor)
Build level: 44
Thread ID: 224
====  Fri Aug 14 04:00:05 2015
$Id: //ral_depot/products/IxChariot6.70.27/CHARIOT/CODE/prof_ioc.cpp#3 $, line: 1463
Failed assertion: RegCreateKeyEx:No error text is available.
Last WIN32 error: 0x00000000
Call traceback:
     0 main
     1 profile_load_from_file(const profile_descriptor)
Build level: 44
Thread ID: 3852
====  Fri Aug 14 04:01:56 2015
$Id: //ral_depot/products/IxChariot6.70.27/CHARIOT/CODE/prof_ioc.cpp#3 $, line: 1463
Failed assertion: RegCreateKeyEx:No error text is available.
Last WIN32 error: 0x00000000
Call traceback:
     0 main
     1 profile_load_from_file(const profile_descriptor)
Build level: 44
Thread ID: 4028
====  Fri Aug 14 04:54:02 2015
$Id: //ral_depot/products/IxChariot6.70.27/CHARIOT/CODE/prof_ioc.cpp#3 $, line: 1463
Failed assertion: RegCreateKeyEx:No error text is available.
Last WIN32 error: 0x00000000
Call traceback:
     0 main
     1 profile_load_from_file(const profile_descriptor)
Build level: 44
Thread ID: 8856
====  Fri Aug 14 05:08:27 2015
$Id: //ral_depot/products/IxChariot6.70.27/CHARIOT/CODE/prof_ioc.cpp#3 $, line: 1463
Failed assertion: RegCreateKeyEx:No error text is available.
Last WIN32 error: 0x00000000
Call traceback:
     0 main
     1 profile_load_from_file(const profile_descriptor)
Build level: 44
Thread ID: 3672
====  Fri Aug 14 05:11:58 2015
$Id: //ral_depot/products/IxChariot6.70.27/CHARIOT/CODE/prof_ioc.cpp#3 $, line: 1463
Failed assertion: RegCreateKeyEx:No error text is available.
Last WIN32 error: 0x00000000
Call traceback:
     0 main
     1 profile_load_from_file(const profile_descriptor)
Build level: 44
Thread ID: 4056
====  Fri Aug 14 05:13:34 2015
$Id: //ral_depot/products/IxChariot6.70.27/CHARIOT/CODE/prof_ioc.cpp#3 $, line: 1463
Failed assertion: RegCreateKeyEx:No error text is available.
Last WIN32 error: 0x00000000
Call traceback:
     0 main
     1 profile_load_from_file(const profile_descriptor)
Build level: 44
Thread ID: 3684
====  Sun Aug 16 21:46:00 2015
$Id: //ral_depot/products/IxChariot6.70.27/CHARIOT/CODE/prof_ioc.cpp#3 $, line: 1463
Failed assertion: RegCreateKeyEx:No error text is available.
Last WIN32 error: 0x00000000
Call traceback:
     0 main
     1 profile_load_from_file(const profile_descriptor)
Build level: 44
Thread ID: 4228
====  Sun Aug 16 21:47:16 2015
$Id: //ral_depot/products/IxChariot6.70.27/CHARIOT/CODE/prof_ioc.cpp#3 $, line: 1463
Failed assertion: RegCreateKeyEx:No error text is available.
Last WIN32 error: 0x00000000
Call traceback:
     0 main
     1 profile_load_from_file(const profile_descriptor)
Build level: 44
Thread ID: 8056
====  Sun Aug 16 21:54:52 2015
$Id: //ral_depot/products/IxChariot6.70.27/CHARIOT/CODE/prof_ioc.cpp#3 $, line: 1463
Failed assertion: RegCreateKeyEx:No error text is available.
Last WIN32 error: 0x00000000
Call traceback:
     0 main
     1 profile_load_from_file(const profile_descriptor)
Build level: 44
Thread ID: 7524
====  Sun Aug 16 22:08:47 2015
$Id: //ral_depot/products/IxChariot6.70.27/CHARIOT/CODE/prof_ioc.cpp#3 $, line: 1463
Failed assertion: RegCreateKeyEx:No error text is available.
Last WIN32 error: 0x00000000
Call traceback:
     0 main
     1 profile_load_from_file(const profile_descriptor)
Build level: 44
Thread ID: 7536
====  Sun Aug 16 22:11:12 2015
$Id: //ral_depot/products/IxChariot6.70.27/CHARIOT/CODE/prof_ioc.cpp#3 $, line: 1463
Failed assertion: RegCreateKeyEx:No error text is available.
Last WIN32 error: 0x00000000
Call traceback:
     0 main
     1 profile_load_from_file(const profile_descriptor)
Build level: 44
Thread ID: 7344
====  Sun Aug 16 22:13:07 2015
$Id: //ral_depot/products/IxChariot6.70.27/CHARIOT/CODE/prof_ioc.cpp#3 $, line: 1463
Failed assertion: RegCreateKeyEx:No error text is available.
Last WIN32 error: 0x00000000
Call traceback:
     0 main
     1 profile_load_from_file(const profile_descriptor)
Build level: 44
Thread ID: 6764
====  Sun Aug 16 22:16:31 2015
$Id: //ral_depot/products/IxChariot6.70.27/CHARIOT/CODE/prof_ioc.cpp#3 $, line: 1463
Failed assertion: RegCreateKeyEx:No error text is available.
Last WIN32 error: 0x00000000
Call traceback:
     0 main
     1 profile_load_from_file(const profile_descriptor)
Build level: 44
Thread ID: 8096
====  Sun Aug 16 22:18:15 2015
$Id: //ral_depot/products/IxChariot6.70.27/CHARIOT/CODE/prof_ioc.cpp#3 $, line: 1463
Failed assertion: RegCreateKeyEx:No error text is available.
Last WIN32 error: 0x00000000
Call traceback:
     0 main
     1 profile_load_from_file(const profile_descriptor)
Build level: 44
Thread ID: 4088
====  Sun Aug 16 22:18:44 2015
$Id: //ral_depot/products/IxChariot6.70.27/CHARIOT/CODE/prof_ioc.cpp#3 $, line: 1463
Failed assertion: RegCreateKeyEx:No error text is available.
Last WIN32 error: 0x00000000
Call traceback:
     0 main
     1 profile_load_from_file(const profile_descriptor)
Build level: 44
Thread ID: 3892
====  Sun Aug 16 22:19:05 2015
$Id: //ral_depot/products/IxChariot6.70.27/CHARIOT/CODE/prof_ioc.cpp#3 $, line: 1463
Failed assertion: RegCreateKeyEx:No error text is available.
Last WIN32 error: 0x00000000
Call traceback:
     0 main
     1 profile_load_from_file(const profile_descriptor)
Build level: 44
Thread ID: 6832
====  Sun Aug 16 22:19:28 2015
$Id: //ral_depot/products/IxChariot6.70.27/CHARIOT/CODE/prof_ioc.cpp#3 $, line: 1463
Failed assertion: RegCreateKeyEx:No error text is available.
Last WIN32 error: 0x00000000
Call traceback:
     0 main
     1 profile_load_from_file(const profile_descriptor)
Build level: 44
Thread ID: 2168
====  Sun Aug 16 22:19:39 2015
$Id: //ral_depot/products/IxChariot6.70.27/CHARIOT/CODE/prof_ioc.cpp#3 $, line: 1463
Failed assertion: RegCreateKeyEx:No error text is available.
Last WIN32 error: 0x00000000
Call traceback:
     0 main
     1 profile_load_from_file(const profile_descriptor)
Build level: 44
Thread ID: 4816
====  Sun Aug 16 22:21:14 2015
$Id: //ral_depot/products/IxChariot6.70.27/CHARIOT/CODE/prof_ioc.cpp#3 $, line: 1463
Failed assertion: RegCreateKeyEx:No error text is available.
Last WIN32 error: 0x00000000
Call traceback:
     0 main
     1 profile_load_from_file(const profile_descriptor)
Build level: 44
Thread ID: 6404
====  Sun Aug 16 22:22:52 2015
$Id: //ral_depot/products/IxChariot6.70.27/CHARIOT/CODE/prof_ioc.cpp#3 $, line: 1463
Failed assertion: RegCreateKeyEx:No error text is available.
Last WIN32 error: 0x00000000
Call traceback:
     0 main
     1 profile_load_from_file(const profile_descriptor)
Build level: 44
Thread ID: 6088
====  Sun Aug 16 22:32:48 2015
$Id: //ral_depot/products/IxChariot6.70.27/CHARIOT/CODE/prof_ioc.cpp#3 $, line: 1463
Failed assertion: RegCreateKeyEx:No error text is available.
Last WIN32 error: 0x00000000
Call traceback:
     0 main
     1 profile_load_from_file(const profile_descriptor)
Build level: 44
Thread ID: 7952
====  Sun Aug 16 22:37:24 2015
$Id: //ral_depot/products/IxChariot6.70.27/CHARIOT/CODE/prof_ioc.cpp#3 $, line: 1463
Failed assertion: RegCreateKeyEx:No error text is available.
Last WIN32 error: 0x00000000
Call traceback:
     0 main
     1 profile_load_from_file(const profile_descriptor)
Build level: 44
Thread ID: 6760
====  Sun Aug 16 22:44:20 2015
$Id: //ral_depot/products/IxChariot6.70.27/CHARIOT/CODE/prof_ioc.cpp#3 $, line: 1463
Failed assertion: RegCreateKeyEx:No error text is available.
Last WIN32 error: 0x00000000
Call traceback:
     0 main
     1 profile_load_from_file(const profile_descriptor)
Build level: 44
Thread ID: 7204
====  Sun Aug 16 22:45:10 2015
$Id: //ral_depot/products/IxChariot6.70.27/CHARIOT/CODE/prof_ioc.cpp#3 $, line: 1463
Failed assertion: RegCreateKeyEx:No error text is available.
Last WIN32 error: 0x00000000
Call traceback:
     0 main
     1 profile_load_from_file(const profile_descriptor)
Build level: 44
Thread ID: 1272
====  Sun Aug 16 22:46:00 2015
$Id: //ral_depot/products/IxChariot6.70.27/CHARIOT/CODE/prof_ioc.cpp#3 $, line: 1463
Failed assertion: RegCreateKeyEx:No error text is available.
Last WIN32 error: 0x00000000
Call traceback:
     0 main
     1 profile_load_from_file(const profile_descriptor)
Build level: 44
Thread ID: 6736
====  Sun Aug 16 22:47:23 2015
$Id: //ral_depot/products/IxChariot6.70.27/CHARIOT/CODE/prof_ioc.cpp#3 $, line: 1463
Failed assertion: RegCreateKeyEx:No error text is available.
Last WIN32 error: 0x00000000
Call traceback:
     0 main
     1 profile_load_from_file(const profile_descriptor)
Build level: 44
Thread ID: 7948
====  Sun Aug 16 22:48:45 2015
$Id: //ral_depot/products/IxChariot6.70.27/CHARIOT/CODE/prof_ioc.cpp#3 $, line: 1463
Failed assertion: RegCreateKeyEx:No error text is available.
Last WIN32 error: 0x00000000
Call traceback:
     0 main
     1 profile_load_from_file(const profile_descriptor)
Build level: 44
Thread ID: 3892
====  Sun Aug 16 22:59:02 2015
$Id: //ral_depot/products/IxChariot6.70.27/CHARIOT/CODE/prof_ioc.cpp#3 $, line: 1463
Failed assertion: RegCreateKeyEx:No error text is available.
Last WIN32 error: 0x00000000
Call traceback:
     0 main
     1 profile_load_from_file(const profile_descriptor)
Build level: 44
Thread ID: 5068
====  Sun Aug 16 23:00:06 2015
$Id: //ral_depot/products/IxChariot6.70.27/CHARIOT/CODE/prof_ioc.cpp#3 $, line: 1463
Failed assertion: RegCreateKeyEx:No error text is available.
Last WIN32 error: 0x00000000
Call traceback:
     0 main
     1 profile_load_from_file(const profile_descriptor)
Build level: 44
Thread ID: 2252
====  Sun Aug 16 23:05:58 2015
$Id: //ral_depot/products/IxChariot6.70.27/CHARIOT/CODE/prof_ioc.cpp#3 $, line: 1463
Failed assertion: RegCreateKeyEx:No error text is available.
Last WIN32 error: 0x00000000
Call traceback:
     0 main
     1 profile_load_from_file(const profile_descriptor)
Build level: 44
Thread ID: 7544
====  Sun Aug 16 23:06:57 2015
$Id: //ral_depot/products/IxChariot6.70.27/CHARIOT/CODE/prof_ioc.cpp#3 $, line: 1463
Failed assertion: RegCreateKeyEx:No error text is available.
Last WIN32 error: 0x00000000
Call traceback:
     0 main
     1 profile_load_from_file(const profile_descriptor)
Build level: 44
Thread ID: 6668
====  Sun Aug 16 23:29:53 2015
$Id: //ral_depot/products/IxChariot6.70.27/CHARIOT/CODE/prof_ioc.cpp#3 $, line: 1463
Failed assertion: RegCreateKeyEx:No error text is available.
Last WIN32 error: 0x00000000
Call traceback:
     0 main
     1 profile_load_from_file(const profile_descriptor)
Build level: 44
Thread ID: 3804
====  Sun Aug 16 23:38:46 2015
$Id: //ral_depot/products/IxChariot6.70.27/CHARIOT/CODE/prof_ioc.cpp#3 $, line: 1463
Failed assertion: RegCreateKeyEx:No error text is available.
Last WIN32 error: 0x00000000
Call traceback:
     0 main
     1 profile_load_from_file(const profile_descriptor)
Build level: 44
Thread ID: 1744
====  Sun Aug 16 23:39:29 2015
$Id: //ral_depot/products/IxChariot6.70.27/CHARIOT/CODE/prof_ioc.cpp#3 $, line: 1463
Failed assertion: RegCreateKeyEx:No error text is available.
Last WIN32 error: 0x00000000
Call traceback:
     0 main
     1 profile_load_from_file(const profile_descriptor)
Build level: 44
Thread ID: 7804
====  Sun Aug 16 23:43:01 2015
$Id: //ral_depot/products/IxChariot6.70.27/CHARIOT/CODE/prof_ioc.cpp#3 $, line: 1463
Failed assertion: RegCreateKeyEx:No error text is available.
Last WIN32 error: 0x00000000
Call traceback:
     0 main
     1 profile_load_from_file(const profile_descriptor)
Build level: 44
Thread ID: 4628
====  Sun Aug 16 23:43:25 2015
$Id: //ral_depot/products/IxChariot6.70.27/CHARIOT/CODE/prof_ioc.cpp#3 $, line: 1463
Failed assertion: RegCreateKeyEx:No error text is available.
Last WIN32 error: 0x00000000
Call traceback:
     0 main
     1 profile_load_from_file(const profile_descriptor)
Build level: 44
Thread ID: 4760
====  Sun Aug 16 23:45:01 2015
$Id: //ral_depot/products/IxChariot6.70.27/CHARIOT/CODE/prof_ioc.cpp#3 $, line: 1463
Failed assertion: RegCreateKeyEx:No error text is available.
Last WIN32 error: 0x00000000
Call traceback:
     0 main
     1 profile_load_from_file(const profile_descriptor)
Build level: 44
Thread ID: 1380
====  Sun Aug 16 23:45:31 2015
$Id: //ral_depot/products/IxChariot6.70.27/CHARIOT/CODE/prof_ioc.cpp#3 $, line: 1463
Failed assertion: RegCreateKeyEx:No error text is available.
Last WIN32 error: 0x00000000
Call traceback:
     0 main
     1 profile_load_from_file(const profile_descriptor)
Build level: 44
Thread ID: 2044
====  Sun Aug 16 23:49:40 2015
$Id: //ral_depot/products/IxChariot6.70.27/CHARIOT/CODE/prof_ioc.cpp#3 $, line: 1463
Failed assertion: RegCreateKeyEx:No error text is available.
Last WIN32 error: 0x00000000
Call traceback:
     0 main
     1 profile_load_from_file(const profile_descriptor)
Build level: 44
Thread ID: 4732
====  Sun Aug 16 23:50:13 2015
$Id: //ral_depot/products/IxChariot6.70.27/CHARIOT/CODE/prof_ioc.cpp#3 $, line: 1463
Failed assertion: RegCreateKeyEx:No error text is available.
Last WIN32 error: 0x00000000
Call traceback:
     0 main
     1 profile_load_from_file(const profile_descriptor)
Build level: 44
Thread ID: 6924
====  Sun Aug 16 23:58:43 2015
$Id: //ral_depot/products/IxChariot6.70.27/CHARIOT/CODE/prof_ioc.cpp#3 $, line: 1463
Failed assertion: RegCreateKeyEx:No error text is available.
Last WIN32 error: 0x00000000
Call traceback:
     0 main
     1 profile_load_from_file(const profile_descriptor)
Build level: 44
Thread ID: 5932
====  Sun Aug 16 23:59:33 2015
$Id: //ral_depot/products/IxChariot6.70.27/CHARIOT/CODE/prof_ioc.cpp#3 $, line: 1463
Failed assertion: RegCreateKeyEx:No error text is available.
Last WIN32 error: 0x00000000
Call traceback:
     0 main
     1 profile_load_from_file(const profile_descriptor)
Build level: 44
Thread ID: 7916
====  Mon Aug 17 00:00:05 2015
$Id: //ral_depot/products/IxChariot6.70.27/CHARIOT/CODE/prof_ioc.cpp#3 $, line: 1463
Failed assertion: RegCreateKeyEx:No error text is available.
Last WIN32 error: 0x00000000
Call traceback:
     0 main
     1 profile_load_from_file(const profile_descriptor)
Build level: 44
Thread ID: 216
====  Mon Aug 17 01:40:58 2015
$Id: //ral_depot/products/IxChariot6.70.27/CHARIOT/CODE/prof_ioc.cpp#3 $, line: 1463
Failed assertion: RegCreateKeyEx:No error text is available.
Last WIN32 error: 0x00000000
Call traceback:
     0 main
     1 profile_load_from_file(const profile_descriptor)
Build level: 44
Thread ID: 2936
====  Mon Aug 17 01:45:21 2015
$Id: //ral_depot/products/IxChariot6.70.27/CHARIOT/CODE/prof_ioc.cpp#3 $, line: 1463
Failed assertion: RegCreateKeyEx:No error text is available.
Last WIN32 error: 0x00000000
Call traceback:
     0 main
     1 profile_load_from_file(const profile_descriptor)
Build level: 44
Thread ID: 4280
====  Mon Aug 17 02:13:16 2015
$Id: //ral_depot/products/IxChariot6.70.27/CHARIOT/CODE/prof_ioc.cpp#3 $, line: 1463
Failed assertion: RegCreateKeyEx:No error text is available.
Last WIN32 error: 0x00000000
Call traceback:
     0 main
     1 profile_load_from_file(const profile_descriptor)
Build level: 44
Thread ID: 5968
====  Mon Aug 17 02:14:30 2015
$Id: //ral_depot/products/IxChariot6.70.27/CHARIOT/CODE/prof_ioc.cpp#3 $, line: 1463
Failed assertion: RegCreateKeyEx:No error text is available.
Last WIN32 error: 0x00000000
Call traceback:
     0 main
     1 profile_load_from_file(const profile_descriptor)
Build level: 44
Thread ID: 2396
====  Mon Aug 17 02:31:19 2015
$Id: //ral_depot/products/IxChariot6.70.27/CHARIOT/CODE/prof_ioc.cpp#3 $, line: 1463
Failed assertion: RegCreateKeyEx:No error text is available.
Last WIN32 error: 0x00000000
Call traceback:
     0 main
     1 profile_load_from_file(const profile_descriptor)
Build level: 44
Thread ID: 5992
====  Mon Aug 17 02:31:51 2015
$Id: //ral_depot/products/IxChariot6.70.27/CHARIOT/CODE/prof_ioc.cpp#3 $, line: 1463
Failed assertion: RegCreateKeyEx:No error text is available.
Last WIN32 error: 0x00000000
Call traceback:
     0 main
     1 profile_load_from_file(const profile_descriptor)
Build level: 44
Thread ID: 6240
====  Mon Aug 17 02:32:46 2015
$Id: //ral_depot/products/IxChariot6.70.27/CHARIOT/CODE/prof_ioc.cpp#3 $, line: 1463
Failed assertion: RegCreateKeyEx:No error text is available.
Last WIN32 error: 0x00000000
Call traceback:
     0 main
     1 profile_load_from_file(const profile_descriptor)
Build level: 44
Thread ID: 7340
====  Mon Aug 17 02:33:47 2015
$Id: //ral_depot/products/IxChariot6.70.27/CHARIOT/CODE/prof_ioc.cpp#3 $, line: 1463
Failed assertion: RegCreateKeyEx:No error text is available.
Last WIN32 error: 0x00000000
Call traceback:
     0 main
     1 profile_load_from_file(const profile_descriptor)
Build level: 44
Thread ID: 3080
====  Mon Aug 17 02:34:32 2015
$Id: //ral_depot/products/IxChariot6.70.27/CHARIOT/CODE/prof_ioc.cpp#3 $, line: 1463
Failed assertion: RegCreateKeyEx:No error text is available.
Last WIN32 error: 0x00000000
Call traceback:
     0 main
     1 profile_load_from_file(const profile_descriptor)
Build level: 44
Thread ID: 5116
====  Mon Aug 17 03:02:01 2015
$Id: //ral_depot/products/IxChariot6.70.27/CHARIOT/CODE/prof_ioc.cpp#3 $, line: 1463
Failed assertion: RegCreateKeyEx:No error text is available.
Last WIN32 error: 0x00000000
Call traceback:
     0 main
     1 profile_load_from_file(const profile_descriptor)
Build level: 44
Thread ID: 7624
====  Mon Aug 17 03:02:36 2015
$Id: //ral_depot/products/IxChariot6.70.27/CHARIOT/CODE/prof_ioc.cpp#3 $, line: 1463
Failed assertion: RegCreateKeyEx:No error text is available.
Last WIN32 error: 0x00000000
Call traceback:
     0 main
     1 profile_load_from_file(const profile_descriptor)
Build level: 44
Thread ID: 1304
====  Mon Aug 17 03:13:42 2015
$Id: //ral_depot/products/IxChariot6.70.27/CHARIOT/CODE/prof_ioc.cpp#3 $, line: 1463
Failed assertion: RegCreateKeyEx:No error text is available.
Last WIN32 error: 0x00000000
Call traceback:
     0 main
     1 profile_load_from_file(const profile_descriptor)
Build level: 44
Thread ID: 6084
====  Mon Aug 17 03:15:17 2015
$Id: //ral_depot/products/IxChariot6.70.27/CHARIOT/CODE/prof_ioc.cpp#3 $, line: 1463
Failed assertion: RegCreateKeyEx:No error text is available.
Last WIN32 error: 0x00000000
Call traceback:
     0 main
     1 profile_load_from_file(const profile_descriptor)
Build level: 44
Thread ID: 3596
====  Mon Aug 17 03:22:14 2015
$Id: //ral_depot/products/IxChariot6.70.27/CHARIOT/CODE/prof_ioc.cpp#3 $, line: 1463
Failed assertion: RegCreateKeyEx:No error text is available.
Last WIN32 error: 0x00000000
Call traceback:
     0 main
     1 profile_load_from_file(const profile_descriptor)
Build level: 44
Thread ID: 2348
